app/lib/services/aboutService.ts(11,16): error TS2339: Property 'id' does not exist on type 'never'.
app/lib/services/aboutService.ts(12,25): error TS2339: Property 'description' does not exist on type 'never'.
app/lib/services/aboutService.ts(13,25): error TS2339: Property 'portrait_url' does not exist on type 'never'.
app/lib/services/aboutService.ts(24,64): error TS2769: No overload matches this call.
  Overload 1 of 2, '(values: never, options?: { onConflict?: string | undefined; ignoreDuplicates?: boolean | undefined; count?: "exact" | "planned" | "estimated" | undefined; } | undefined): PostgrestFilterBuilder<{ ...; }, ... 5 more ..., "POST">', gave the following error.
    Argument of type '{ id?: number | undefined; created_at?: string | undefined; description?: string | null | undefined; portrait_url?: string | null | undefined; }' is not assignable to parameter of type 'never'.
  Overload 2 of 2, '(values: never[], options?: { onConflict?: string | undefined; ignoreDuplicates?: boolean | undefined; count?: "exact" | "planned" | "estimated" | undefined; defaultToNull?: boolean | undefined; } | undefined): PostgrestFilterBuilder<...>', gave the following error.
    Argument of type '{ id?: number | undefined; created_at?: string | undefined; description?: string | null | undefined; portrait_url?: string | null | undefined; }' is not assignable to parameter of type 'never[]'.
      Type '{ id?: number | undefined; created_at?: string | undefined; description?: string | null | undefined; portrait_url?: string | null | undefined; }' is missing the following properties from type 'never[]': length, pop, push, concat, and 35 more.
